0 info it worked if it ends with ok
1 verbose cli [ 'C:\\Program Files\\nodejs\\node.exe',
1 verbose cli   'C:\\Program Files\\nodejs\\node_modules\\npm\\bin\\npm-cli.js',
1 verbose cli   'run',
1 verbose cli   'build' ]
2 info using npm@3.10.10
3 info using node@v6.11.0
4 verbose run-script [ 'prebuild', 'build', 'postbuild' ]
5 info lifecycle havetrip@1.0.0~prebuild: havetrip@1.0.0
6 silly lifecycle havetrip@1.0.0~prebuild: no script for prebuild, continuing
7 info lifecycle havetrip@1.0.0~build: havetrip@1.0.0
8 verbose lifecycle havetrip@1.0.0~build: unsafe-perm in lifecycle true
9 verbose lifecycle havetrip@1.0.0~build: PATH: C:\Program Files\nodejs\node_modules\npm\bin\node-gyp-bin;D:\node.js\mlxc\node_modules\.bin;C:\ProgramData\Oracle\Java\javapath;D:\oraclexe\app\oracle\product\11.2.0\server\bin;;C:\Program Files (x86)\NVIDIA Corporation\PhysX\Common;C:\Program Files (x86)\Intel\iCLS Client\;C:\Program Files\Intel\iCLS Client\;C:\WINDOWS\system32;C:\WINDOWS;C:\WINDOWS\System32\Wbem;C:\WINDOWS\System32\WindowsPowerShell\v1.0\;C:\Program Files\Intel\Intel(R) Management Engine Components\DAL;C:\Program Files\Intel\Intel(R) Management Engine Components\IPT;C:\Program Files (x86)\Intel\Intel(R) Management Engine Components\DAL;C:\Program Files (x86)\Intel\Intel(R) Management Engine Components\IPT;C:\Program Files (x86)\Java\jdk1.7.0_79\bin;D:\mysql\bin;C:\Program Files\nodejs\;C:\Users\阿水12344\AppData\Roaming\npm
10 verbose lifecycle havetrip@1.0.0~build: CWD: D:\node.js\mlxc
11 silly lifecycle havetrip@1.0.0~build: Args: [ '/d /s /c', 'node build/build.js' ]
12 silly lifecycle havetrip@1.0.0~build: Returned: code: 3221225786  signal: null
13 info lifecycle havetrip@1.0.0~build: Failed to exec build script
14 verbose stack Error: havetrip@1.0.0 build: `node build/build.js`
14 verbose stack Exit status 3221225786
14 verbose stack     at EventEmitter.<anonymous> (C:\Program Files\nodejs\node_modules\npm\lib\utils\lifecycle.js:255:16)
14 verbose stack     at emitTwo (events.js:106:13)
14 verbose stack     at EventEmitter.emit (events.js:191:7)
14 verbose stack     at ChildProcess.<anonymous> (C:\Program Files\nodejs\node_modules\npm\lib\utils\spawn.js:40:14)
14 verbose stack     at emitTwo (events.js:106:13)
14 verbose stack     at ChildProcess.emit (events.js:191:7)
14 verbose stack     at maybeClose (internal/child_process.js:891:16)
14 verbose stack     at Process.ChildProcess._handle.onexit (internal/child_process.js:226:5)
15 verbose pkgid havetrip@1.0.0
16 verbose cwd D:\node.js\mlxc\dist
17 error Windows_NT 6.3.9600
18 error argv "C:\\Program Files\\nodejs\\node.exe" "C:\\Program Files\\nodejs\\node_modules\\npm\\bin\\npm-cli.js" "run" "build"
19 error node v6.11.0
20 error npm  v3.10.10
21 error code ELIFECYCLE
22 error havetrip@1.0.0 build: `node build/build.js`
22 error Exit status 3221225786
23 error Failed at the havetrip@1.0.0 build script 'node build/build.js'.
23 error Make sure you have the latest version of node.js and npm installed.
23 error If you do, this is most likely a problem with the havetrip package,
23 error not with npm itself.
23 error Tell the author that this fails on your system:
23 error     node build/build.js
23 error You can get information on how to open an issue for this project with:
23 error     npm bugs havetrip
23 error Or if that isn't available, you can get their info via:
23 error     npm owner ls havetrip
23 error There is likely additional logging output above.
24 verbose exit [ 1, true ]
